<?xml version="1.0" encoding="UTF-8"?>
<!-- Generated by org.testng.reporters.JUnitReportReporter -->
<testsuite hostname="HP" failures="0" tests="4" name="tests.LoginTest" time="42.086" errors="0" timestamp="2021-10-10T16:32:16 GMT-03:00" skipped="0">
  <testcase classname="tests.LoginTest" name="loginWithWrongEmailPasswordTest" time="9.922"/>
  <system-out/>
  <testcase classname="tests.LoginTest" name="loginWithEmptyEmailTest" time="12.388"/>
  <system-out/>
  <testcase classname="tests.LoginTest" name="loginWithEmptyPasswordTest" time="10.035"/>
  <system-out/>
  <testcase classname="tests.LoginTest" name="loginWithInvalidEmailTest" time="9.741"/>
  <system-out/>
</testsuite> <!-- tests.LoginTest -->
